============================= test session starts ==============================
platform linux -- Python 3.14.4, pytest-9.1.0, pluggy-1.6.0 -- /home/slava/aiexp/python-setup/.venv/bin/python3
cachedir: .pytest_cache
rootdir: /home/slava/aiexp/python-setup
configfile: pyproject.toml
plugins: tach-0.35.0, typeguard-4.5.2
collecting ... collected 43 items
[36m[Tach][0m 43 tests in 9 files unaffected by changes ([33m~38.7s could be saved[0m). Skip with: [1mpytest --tach[0m
[36m[Tach][0m [2mTo disable: pytest -p no:tach (https://docs.gauge.sh/usage/commands#using-the-pytest-plugin-directly)[0m

tests/runner/test_autofix_conflict.py::TestGitChangedFiles::test_non_git_cwd_returns_empty PASSED [  2%]
tests/runner/test_autofix_conflict.py::TestGitChangedFiles::test_staged_and_unstaged_separate PASSED [  4%]
tests/runner/test_autofix_conflict.py::TestGitChangedFiles::test_staged_and_unstaged_overlap_intersected_by_helper PASSED [  6%]
tests/runner/test_autofix_conflict.py::TestRuffParseabilityErrors::test_empty_paths_short_circuits PASSED [  9%]
tests/runner/test_autofix_conflict.py::TestRuffParseabilityErrors::test_parses_e999_lines[one_e999] PASSED [ 11%]
tests/runner/test_autofix_conflict.py::TestRuffParseabilityErrors::test_parses_e999_lines[two_e999] PASSED [ 13%]
tests/runner/test_autofix_conflict.py::TestRuffParseabilityErrors::test_parses_e999_lines[non_e999_only] PASSED [ 16%]
tests/runner/test_autofix_conflict.py::TestRuffParseabilityErrors::test_parses_e999_lines[empty] PASSED [ 18%]
tests/runner/test_autofix_conflict.py::TestRuffParseabilityErrors::test_parses_e999_lines[mixed_e999_and_other] PASSED [ 20%]
tests/runner/test_autofix_conflict.py::TestRuffParseabilityErrors::test_parses_e999_lines[no_colon] PASSED [ 23%]
tests/runner/test_autofix_conflict.py::TestRuffParseabilityErrors::test_run_cmd_filenotfound_swallowed PASSED [ 25%]
tests/runner/test_autofix_conflict.py::TestAutofixTargetPaths::test_explicit_path_overrides_default PASSED [ 27%]
tests/runner/test_autofix_conflict.py::TestAutofixTargetPaths::test_default_paths_used_when_no_path PASSED [ 30%]
tests/runner/test_autofix_conflict.py::TestAutofixTargetPaths::test_no_default_no_path_returns_empty PASSED [ 32%]
tests/runner/test_autofix_conflict.py::TestAutofixTargetPaths::test_glob_expansion_runs PASSED [ 34%]
tests/runner/test_autofix_conflict.py::TestApplyAutofixConflictAware::test_no_conflict_baseline_applies_fix PASSED [ 37%]
tests/runner/test_autofix_conflict.py::TestApplyAutofixConflictAware::test_staged_only_applies_fix PASSED [ 39%]
tests/runner/test_autofix_conflict.py::TestApplyAutofixConflictAware::test_unstaged_only_applies_fix PASSED [ 41%]
tests/runner/test_autofix_conflict.py::TestApplyAutofixConflictAware::test_staged_and_unstaged_same_file_skipped PASSED [ 44%]
tests/runner/test_autofix_conflict.py::TestApplyAutofixConflictAware::test_e999_introduced_reverts_from_in_memory_snapshot PASSED [ 46%]
tests/runner/test_autofix_conflict.py::TestApplyAutofixConflictAware::test_canary_no_e999_no_revert PASSED [ 48%]
tests/runner/test_autofix_conflict.py::TestApplyAutofixConflictAware::test_e999_no_revert_when_fix_does_not_modify_file PASSED [ 51%]
tests/runner/test_autofix_conflict.py::TestApplyAutofixConflictAware::test_untracked_file_reverts_via_memory_only PASSED [ 53%]
tests/runner/test_autofix_conflict.py::TestEnvVarAutofixOptOut::test_env_var_disables_fix_flags_through_run_lint PASSED [ 55%]
tests/runner/test_autofix_conflict.py::TestEnvVarAutofixOptOut::test_no_env_var_keeps_fix_flags PASSED [ 58%]
tests/runner/test_autofix_conflict.py::TestEnvVarAutofixOptOut::test_env_var_zero_or_other_value_does_not_opt_out PASSED [ 60%]
tests/runner/test_autofix_conflict.py::TestAutofixObservability::test_skip_line_format PASSED [ 62%]
tests/runner/test_autofix_conflict.py::TestAutofixObservability::test_revert_line_format PASSED [ 65%]
tests/runner/test_autofix_conflict.py::TestCanaryLabelObservability::test_canary_label_is_distinct_from_ruff_check PASSED [ 67%]
tests/runner/test_autofix_conflict.py::TestWindowsPathSafety::test_e999_parses_drive_letter_path_robustly PASSED [ 69%]
tests/runner/test_autofix_conflict.py::TestWindowsPathSafety::test_e999_drive_letter_does_not_emit_garbage_short_path PASSED [ 72%]
tests/runner/test_autofix_conflict.py::TestWindowsPathSafety::test_e999_drive_letter_with_message_parses_cleanly PASSED [ 74%]
tests/runner/test_autofix_conflict.py::TestWindowsPathSafety::test_e999_posix_path_still_parses_unchanged PASSED [ 76%]
tests/runner/test_autofix_conflict.py::TestRunLintFixDownstream::test_run_lint_fix_does_not_crash PASSED [ 79%]
tests/runner/test_autofix_conflict.py::TestPrecommitTemplateHasFix::test_precommit_template_lint_entry_has_fix PASSED [ 81%]
tests/runner/test_autofix_conflict.py::TestPrecommitTemplateHasFix::test_precommit_template_no_timeout PASSED [ 83%]
tests/runner/test_autofix_conflict.py::TestPrecommitTemplateHasFix::test_precommit_template_no_pre_push PASSED [ 86%]
tests/runner/test_autofix_conflict.py::TestPrecommitTemplateHasFix::test_precommit_template_still_has_ruff_hooks PASSED [ 88%]
tests/runner/test_autofix_conflict.py::TestPrecommitTemplateHasFix::test_agents_snippet_documents_autofix_and_opt_out PASSED [ 90%]
tests/runner/test_autofix_conflict.py::TestPrecommitTemplateHasFix::test_install_artifact_lint_hook_has_fix PASSED [ 93%]
tests/runner/test_autofix_conflict.py::TestRunLintFixDispatch::test_fix_route_uses_conflict_helper PASSED [ 95%]
tests/runner/test_autofix_conflict.py::TestRunLintFixDispatch::test_fix_route_with_path_triggers_canary_for_each_supports_fix PASSED [ 97%]
tests/runner/test_autofix_conflict.py::TestRunLintFixDispatch::test_no_fix_does_not_invoke_canary PASSED [100%]

============================= 43 passed in 23.59s ==============================
